<?xml version="1.0" encoding="UTF-8"?>
<!DOCTYPE coverage SYSTEM "http://cobertura.sourceforge.net/xml/coverage-04.dtd">
<coverage line-rate="0.31455399061033" branch-rate="0.27" lines-covered="67" lines-valid="213" branches-covered="27" branches-valid="100" complexity="67" version="0.4" timestamp="1650811942">
  <sources>
    <source>/home/eduardo/Dropbox/dev/php-rest-api/App</source>
  </sources>
  <packages>
    <package name="" line-rate="1" branch-rate="1" complexity="1">
      <classes>
        <class name="App\Auth\Auth" filename="Auth/Auth.php" line-rate="1" branch-rate="1" complexity="1">
          <methods>
            <method name="AuthenticateUser" signature="$db, $credentials" line-rate="1" branch-rate="1" complexity="1">
              <lines>
                <line number="10" hits="2"/>
                <line number="11" hits="2"/>
                <line number="12" hits="2"/>
              </lines>
            </method>
          </methods>
          <lines>
            <line number="10" hits="2"/>
            <line number="11" hits="2"/>
            <line number="12" hits="2"/>
          </lines>
        </class>
      </classes>
    </package>
    <package name="" line-rate="0.61363636363636" branch-rate="0.54838709677419" complexity="18">
      <classes>
        <class name="App\Controllers\AuthorsController" filename="Controllers/AuthorsController.php" line-rate="0.61363636363636" branch-rate="0.54838709677419" complexity="18">
          <methods>
            <method name="__construct" signature="App\DB\DatabaseConnector $db, string $method, $uri, array $data" line-rate="1" branch-rate="1" complexity="1">
              <lines>
                <line number="21" hits="4"/>
                <line number="22" hits="4"/>
                <line number="23" hits="4"/>
                <line number="24" hits="4"/>
              </lines>
            </method>
            <method name="processRequest" signature="" line-rate="0.38461538461538" branch-rate="0.45" complexity="10">
              <lines>
                <line number="28" hits="4"/>
                <line number="29" hits="1"/>
                <line number="30" hits="3"/>
                <line number="31" hits="3"/>
                <line number="32" hits="0"/>
                <line number="33" hits="0"/>
                <line number="34" hits="0"/>
                <line number="35" hits="0"/>
                <line number="36" hits="0"/>
                <line number="37" hits="0"/>
                <line number="39" hits="0"/>
                <line number="40" hits="0"/>
                <line number="43" hits="4"/>
              </lines>
            </method>
            <method name="processAllAuthorsRequest" signature="" line-rate="1" branch-rate="1" complexity="1">
              <lines>
                <line number="47" hits="1"/>
                <line number="48" hits="1"/>
                <line number="49" hits="1"/>
                <line number="50" hits="1"/>
                <line number="51" hits="1"/>
              </lines>
            </method>
            <method name="processOneAuthorRequest" signature="" line-rate="1" branch-rate="1" complexity="3">
              <lines>
                <line number="55" hits="3"/>
                <line number="57" hits="3"/>
                <line number="58" hits="1"/>
                <line number="59" hits="1"/>
                <line number="60" hits="1"/>
                <line number="63" hits="2"/>
                <line number="64" hits="2"/>
                <line number="66" hits="2"/>
                <line number="67" hits="1"/>
                <line number="68" hits="1"/>
                <line number="70" hits="1"/>
                <line number="71" hits="1"/>
                <line number="74" hits="2"/>
              </lines>
            </method>
            <method name="processNewAuthorRequest" signature="" line-rate="0" branch-rate="0" complexity="1">
              <lines>
                <line number="78" hits="0"/>
                <line number="79" hits="0"/>
                <line number="80" hits="0"/>
              </lines>
            </method>
            <method name="processUpdateAuthorRequest" signature="$id" line-rate="0" branch-rate="0" complexity="1">
              <lines>
                <line number="84" hits="0"/>
                <line number="85" hits="0"/>
                <line number="86" hits="0"/>
              </lines>
            </method>
            <method name="processDeleteAuthorRequest" signature="$id" line-rate="0" branch-rate="0" complexity="1">
              <lines>
                <line number="90" hits="0"/>
                <line number="91" hits="0"/>
                <line number="92" hits="0"/>
              </lines>
            </method>
          </methods>
          <lines>
            <line number="21" hits="4"/>
            <line number="22" hits="4"/>
            <line number="23" hits="4"/>
            <line number="24" hits="4"/>
            <line number="28" hits="4"/>
            <line number="29" hits="1"/>
            <line number="30" hits="3"/>
            <line number="31" hits="3"/>
            <line number="32" hits="0"/>
            <line number="33" hits="0"/>
            <line number="34" hits="0"/>
            <line number="35" hits="0"/>
            <line number="36" hits="0"/>
            <line number="37" hits="0"/>
            <line number="39" hits="0"/>
            <line number="40" hits="0"/>
            <line number="43" hits="4"/>
            <line number="47" hits="1"/>
            <line number="48" hits="1"/>
            <line number="49" hits="1"/>
            <line number="50" hits="1"/>
            <line number="51" hits="1"/>
            <line number="55" hits="3"/>
            <line number="57" hits="3"/>
            <line number="58" hits="1"/>
            <line number="59" hits="1"/>
            <line number="60" hits="1"/>
            <line number="63" hits="2"/>
            <line number="64" hits="2"/>
            <line number="66" hits="2"/>
            <line number="67" hits="1"/>
            <line number="68" hits="1"/>
            <line number="70" hits="1"/>
            <line number="71" hits="1"/>
            <line number="74" hits="2"/>
            <line number="78" hits="0"/>
            <line number="79" hits="0"/>
            <line number="80" hits="0"/>
            <line number="84" hits="0"/>
            <line number="85" hits="0"/>
            <line number="86" hits="0"/>
            <line number="90" hits="0"/>
            <line number="91" hits="0"/>
            <line number="92" hits="0"/>
          </lines>
        </class>
      </classes>
    </package>
    <package name="" line-rate="0" branch-rate="0" complexity="0">
      <classes/>
    </package>
    <package name="" line-rate="1" branch-rate="1" complexity="3">
      <classes>
        <class name="App\Controllers\UsersController" filename="Controllers/UsersController.php" line-rate="1" branch-rate="1" complexity="3">
          <methods>
            <method name="__construct" signature="App\DB\DatabaseConnector $db, array $credentials" line-rate="1" branch-rate="1" complexity="1">
              <lines>
                <line number="15" hits="2"/>
                <line number="16" hits="2"/>
                <line number="17" hits="2"/>
                <line number="18" hits="2"/>
              </lines>
            </method>
            <method name="logUser" signature="" line-rate="1" branch-rate="1" complexity="2">
              <lines>
                <line number="22" hits="2"/>
                <line number="30" hits="2"/>
                <line number="31" hits="2"/>
                <line number="32" hits="2"/>
                <line number="33" hits="2"/>
                <line number="34" hits="2"/>
                <line number="35" hits="2"/>
                <line number="37" hits="2"/>
              </lines>
            </method>
          </methods>
          <lines>
            <line number="15" hits="2"/>
            <line number="16" hits="2"/>
            <line number="17" hits="2"/>
            <line number="18" hits="2"/>
            <line number="22" hits="2"/>
            <line number="30" hits="2"/>
            <line number="31" hits="2"/>
            <line number="32" hits="2"/>
            <line number="33" hits="2"/>
            <line number="34" hits="2"/>
            <line number="35" hits="2"/>
            <line number="37" hits="2"/>
          </lines>
        </class>
      </classes>
    </package>
    <package name="" line-rate="0" branch-rate="0" complexity="16">
      <classes>
        <class name="App\Core\Gateway" filename="Core/Gateway.php" line-rate="0" branch-rate="0" complexity="16">
          <methods>
            <method name="__construct" signature="App\DB\DatabaseConnector $db, $uri" line-rate="0" branch-rate="0" complexity="1">
              <lines>
                <line number="21" hits="0"/>
                <line number="22" hits="0"/>
                <line number="23" hits="0"/>
                <line number="24" hits="0"/>
                <line number="25" hits="0"/>
                <line number="26" hits="0"/>
                <line number="27" hits="0"/>
              </lines>
            </method>
            <method name="processRequest" signature="" line-rate="0" branch-rate="0" complexity="8">
              <lines>
                <line number="34" hits="0"/>
                <line number="35" hits="0"/>
                <line number="38" hits="0"/>
                <line number="39" hits="0"/>
                <line number="40" hits="0"/>
                <line number="41" hits="0"/>
                <line number="42" hits="0"/>
                <line number="46" hits="0"/>
                <line number="47" hits="0"/>
                <line number="50" hits="0"/>
                <line number="51" hits="0"/>
                <line number="52" hits="0"/>
                <line number="53" hits="0"/>
                <line number="54" hits="0"/>
                <line number="58" hits="0"/>
                <line number="59" hits="0"/>
                <line number="60" hits="0"/>
                <line number="61" hits="0"/>
                <line number="62" hits="0"/>
                <line number="66" hits="0"/>
                <line number="67" hits="0"/>
                <line number="68" hits="0"/>
                <line number="69" hits="0"/>
              </lines>
            </method>
            <method name="prepareData" signature="" line-rate="0" branch-rate="0" complexity="2">
              <lines>
                <line number="74" hits="0"/>
                <line number="75" hits="0"/>
                <line number="77" hits="0"/>
                <line number="80" hits="0"/>
              </lines>
            </method>
            <method name="returnResponse" signature="" line-rate="0" branch-rate="0" complexity="2">
              <lines>
                <line number="84" hits="0"/>
                <line number="86" hits="0"/>
                <line number="87" hits="0"/>
              </lines>
            </method>
            <method name="isValidEntityMethodRequest" signature="" line-rate="0" branch-rate="0" complexity="2">
              <lines>
                <line number="92" hits="0"/>
                <line number="99" hits="0"/>
                <line number="100" hits="0"/>
                <line number="101" hits="0"/>
                <line number="102" hits="0"/>
                <line number="103" hits="0"/>
                <line number="104" hits="0"/>
                <line number="105" hits="0"/>
              </lines>
            </method>
            <method name="callEntityController" signature="string $entity, $parameters" line-rate="0" branch-rate="0" complexity="1">
              <lines>
                <line number="109" hits="0"/>
                <line number="110" hits="0"/>
                <line number="111" hits="0"/>
                <line number="112" hits="0"/>
              </lines>
            </method>
          </methods>
          <lines>
            <line number="21" hits="0"/>
            <line number="22" hits="0"/>
            <line number="23" hits="0"/>
            <line number="24" hits="0"/>
            <line number="25" hits="0"/>
            <line number="26" hits="0"/>
            <line number="27" hits="0"/>
            <line number="34" hits="0"/>
            <line number="35" hits="0"/>
            <line number="38" hits="0"/>
            <line number="39" hits="0"/>
            <line number="40" hits="0"/>
            <line number="41" hits="0"/>
            <line number="42" hits="0"/>
            <line number="46" hits="0"/>
            <line number="47" hits="0"/>
            <line number="50" hits="0"/>
            <line number="51" hits="0"/>
            <line number="52" hits="0"/>
            <line number="53" hits="0"/>
            <line number="54" hits="0"/>
            <line number="58" hits="0"/>
            <line number="59" hits="0"/>
            <line number="60" hits="0"/>
            <line number="61" hits="0"/>
            <line number="62" hits="0"/>
            <line number="66" hits="0"/>
            <line number="67" hits="0"/>
            <line number="68" hits="0"/>
            <line number="69" hits="0"/>
            <line number="74" hits="0"/>
            <line number="75" hits="0"/>
            <line number="77" hits="0"/>
            <line number="80" hits="0"/>
            <line number="84" hits="0"/>
            <line number="86" hits="0"/>
            <line number="87" hits="0"/>
            <line number="92" hits="0"/>
            <line number="99" hits="0"/>
            <line number="100" hits="0"/>
            <line number="101" hits="0"/>
            <line number="102" hits="0"/>
            <line number="103" hits="0"/>
            <line number="104" hits="0"/>
            <line number="105" hits="0"/>
            <line number="109" hits="0"/>
            <line number="110" hits="0"/>
            <line number="111" hits="0"/>
            <line number="112" hits="0"/>
          </lines>
        </class>
      </classes>
    </package>
    <package name="" line-rate="0.8" branch-rate="0.6" complexity="3">
      <classes>
        <class name="App\DB\DatabaseConnector" filename="DB/DatabaseConnector.php" line-rate="0.8" branch-rate="0.6" complexity="3">
          <methods>
            <method name="__construct" signature="" line-rate="0.77777777777778" branch-rate="0.5" complexity="2">
              <lines>
                <line number="10" hits="6"/>
                <line number="11" hits="6"/>
                <line number="12" hits="6"/>
                <line number="13" hits="6"/>
                <line number="14" hits="6"/>
                <line number="17" hits="6"/>
                <line number="18" hits="6"/>
                <line number="22" hits="0"/>
                <line number="23" hits="0"/>
              </lines>
            </method>
            <method name="getConnection" signature="" line-rate="1" branch-rate="1" complexity="1">
              <lines>
                <line number="28" hits="5"/>
              </lines>
            </method>
          </methods>
          <lines>
            <line number="10" hits="6"/>
            <line number="11" hits="6"/>
            <line number="12" hits="6"/>
            <line number="13" hits="6"/>
            <line number="14" hits="6"/>
            <line number="17" hits="6"/>
            <line number="18" hits="6"/>
            <line number="22" hits="0"/>
            <line number="23" hits="0"/>
            <line number="28" hits="5"/>
          </lines>
        </class>
      </classes>
    </package>
    <package name="" line-rate="0.022727272727273" branch-rate="0.04" complexity="15">
      <classes>
        <class name="App\Models\Author" filename="Models/Author.php" line-rate="0.022727272727273" branch-rate="0.04" complexity="15">
          <methods>
            <method name="__construct" signature="App\DB\DatabaseConnector $db" line-rate="1" branch-rate="1" complexity="1">
              <lines>
                <line number="16" hits="4"/>
              </lines>
            </method>
            <method name="store" signature="$data" line-rate="0" branch-rate="0" complexity="2">
              <lines>
                <line number="21" hits="0"/>
                <line number="22" hits="0"/>
                <line number="23" hits="0"/>
                <line number="24" hits="0"/>
                <line number="27" hits="0"/>
                <line number="28" hits="0"/>
                <line number="29" hits="0"/>
                <line number="31" hits="0"/>
              </lines>
            </method>
            <method name="update" signature="$id, $data" line-rate="0" branch-rate="0" complexity="4">
              <lines>
                <line number="36" hits="0"/>
                <line number="37" hits="0"/>
                <line number="38" hits="0"/>
                <line number="39" hits="0"/>
                <line number="42" hits="0"/>
                <line number="43" hits="0"/>
                <line number="44" hits="0"/>
                <line number="45" hits="0"/>
                <line number="48" hits="0"/>
                <line number="49" hits="0"/>
                <line number="50" hits="0"/>
                <line number="51" hits="0"/>
                <line number="53" hits="0"/>
              </lines>
            </method>
            <method name="delete" signature="$id" line-rate="0" branch-rate="0" complexity="5">
              <lines>
                <line number="58" hits="0"/>
                <line number="59" hits="0"/>
                <line number="60" hits="0"/>
                <line number="61" hits="0"/>
                <line number="64" hits="0"/>
                <line number="65" hits="0"/>
                <line number="66" hits="0"/>
                <line number="67" hits="0"/>
                <line number="70" hits="0"/>
                <line number="71" hits="0"/>
                <line number="72" hits="0"/>
                <line number="73" hits="0"/>
                <line number="76" hits="0"/>
                <line number="77" hits="0"/>
                <line number="78" hits="0"/>
                <line number="79" hits="0"/>
                <line number="81" hits="0"/>
                <line number="82" hits="0"/>
                <line number="83" hits="0"/>
              </lines>
            </method>
            <method name="validate" signature="$data" line-rate="0" branch-rate="0" complexity="3">
              <lines>
                <line number="89" hits="0"/>
                <line number="90" hits="0"/>
                <line number="93" hits="0"/>
              </lines>
            </method>
          </methods>
          <lines>
            <line number="16" hits="4"/>
            <line number="21" hits="0"/>
            <line number="22" hits="0"/>
            <line number="23" hits="0"/>
            <line number="24" hits="0"/>
            <line number="27" hits="0"/>
            <line number="28" hits="0"/>
            <line number="29" hits="0"/>
            <line number="31" hits="0"/>
            <line number="36" hits="0"/>
            <line number="37" hits="0"/>
            <line number="38" hits="0"/>
            <line number="39" hits="0"/>
            <line number="42" hits="0"/>
            <line number="43" hits="0"/>
            <line number="44" hits="0"/>
            <line number="45" hits="0"/>
            <line number="48" hits="0"/>
            <line number="49" hits="0"/>
            <line number="50" hits="0"/>
            <line number="51" hits="0"/>
            <line number="53" hits="0"/>
            <line number="58" hits="0"/>
            <line number="59" hits="0"/>
            <line number="60" hits="0"/>
            <line number="61" hits="0"/>
            <line number="64" hits="0"/>
            <line number="65" hits="0"/>
            <line number="66" hits="0"/>
            <line number="67" hits="0"/>
            <line number="70" hits="0"/>
            <line number="71" hits="0"/>
            <line number="72" hits="0"/>
            <line number="73" hits="0"/>
            <line number="76" hits="0"/>
            <line number="77" hits="0"/>
            <line number="78" hits="0"/>
            <line number="79" hits="0"/>
            <line number="81" hits="0"/>
            <line number="82" hits="0"/>
            <line number="83" hits="0"/>
            <line number="89" hits="0"/>
            <line number="90" hits="0"/>
            <line number="93" hits="0"/>
          </lines>
        </class>
      </classes>
    </package>
    <package name="" line-rate="0.31372549019608" branch-rate="0" complexity="11">
      <classes>
        <class name="App\Traits\EntitiesTrait" filename="Traits/EntitiesTrait.php" line-rate="0.31372549019608" branch-rate="0" complexity="11">
          <methods>
            <method name="canEntityBeDeleted" signature="$id, string $table, string $field" line-rate="0" branch-rate="0" complexity="2">
              <lines>
                <line number="12" hits="0"/>
                <line number="13" hits="0"/>
                <line number="14" hits="0"/>
                <line number="15" hits="0"/>
                <line number="16" hits="0"/>
                <line number="17" hits="0"/>
                <line number="18" hits="0"/>
              </lines>
            </method>
            <method name="findAll" signature="array $fields, string $table, string $order" line-rate="1" branch-rate="0" complexity="1">
              <lines>
                <line number="22" hits="1"/>
                <line number="23" hits="1"/>
                <line number="24" hits="1"/>
                <line number="25" hits="1"/>
                <line number="26" hits="1"/>
                <line number="27" hits="1"/>
                <line number="28" hits="1"/>
                <line number="29" hits="1"/>
              </lines>
            </method>
            <method name="find" signature="$id, array $fields, $table" line-rate="1" branch-rate="0" complexity="1">
              <lines>
                <line number="33" hits="2"/>
                <line number="34" hits="2"/>
                <line number="35" hits="2"/>
                <line number="37" hits="2"/>
                <line number="38" hits="2"/>
                <line number="39" hits="2"/>
                <line number="40" hits="2"/>
                <line number="41" hits="2"/>
              </lines>
            </method>
            <method name="entityExists" signature="$id, $table" line-rate="0" branch-rate="0" complexity="2">
              <lines>
                <line number="45" hits="0"/>
                <line number="46" hits="0"/>
                <line number="47" hits="0"/>
                <line number="48" hits="0"/>
                <line number="49" hits="0"/>
                <line number="50" hits="0"/>
              </lines>
            </method>
            <method name="destroy" signature="$id, $table" line-rate="0" branch-rate="0" complexity="1">
              <lines>
                <line number="54" hits="0"/>
                <line number="55" hits="0"/>
                <line number="56" hits="0"/>
                <line number="58" hits="0"/>
                <line number="59" hits="0"/>
                <line number="60" hits="0"/>
              </lines>
            </method>
            <method name="storeEntity" signature="$command" line-rate="0" branch-rate="0" complexity="2">
              <lines>
                <line number="65" hits="0"/>
                <line number="66" hits="0"/>
                <line number="67" hits="0"/>
                <line number="68" hits="0"/>
                <line number="69" hits="0"/>
                <line number="70" hits="0"/>
                <line number="71" hits="0"/>
                <line number="72" hits="0"/>
              </lines>
            </method>
            <method name="updateEntity" signature="$command" line-rate="0" branch-rate="0" complexity="2">
              <lines>
                <line number="78" hits="0"/>
                <line number="79" hits="0"/>
                <line number="80" hits="0"/>
                <line number="81" hits="0"/>
                <line number="82" hits="0"/>
                <line number="83" hits="0"/>
                <line number="84" hits="0"/>
                <line number="85" hits="0"/>
              </lines>
            </method>
          </methods>
          <lines>
            <line number="12" hits="0"/>
            <line number="13" hits="0"/>
            <line number="14" hits="0"/>
            <line number="15" hits="0"/>
            <line number="16" hits="0"/>
            <line number="17" hits="0"/>
            <line number="18" hits="0"/>
            <line number="22" hits="1"/>
            <line number="23" hits="1"/>
            <line number="24" hits="1"/>
            <line number="25" hits="1"/>
            <line number="26" hits="1"/>
            <line number="27" hits="1"/>
            <line number="28" hits="1"/>
            <line number="29" hits="1"/>
            <line number="33" hits="2"/>
            <line number="34" hits="2"/>
            <line number="35" hits="2"/>
            <line number="37" hits="2"/>
            <line number="38" hits="2"/>
            <line number="39" hits="2"/>
            <line number="40" hits="2"/>
            <line number="41" hits="2"/>
            <line number="45" hits="0"/>
            <line number="46" hits="0"/>
            <line number="47" hits="0"/>
            <line number="48" hits="0"/>
            <line number="49" hits="0"/>
            <line number="50" hits="0"/>
            <line number="54" hits="0"/>
            <line number="55" hits="0"/>
            <line number="56" hits="0"/>
            <line number="58" hits="0"/>
            <line number="59" hits="0"/>
            <line number="60" hits="0"/>
            <line number="65" hits="0"/>
            <line number="66" hits="0"/>
            <line number="67" hits="0"/>
            <line number="68" hits="0"/>
            <line number="69" hits="0"/>
            <line number="70" hits="0"/>
            <line number="71" hits="0"/>
            <line number="72" hits="0"/>
            <line number="78" hits="0"/>
            <line number="79" hits="0"/>
            <line number="80" hits="0"/>
            <line number="81" hits="0"/>
            <line number="82" hits="0"/>
            <line number="83" hits="0"/>
            <line number="84" hits="0"/>
            <line number="85" hits="0"/>
          </lines>
        </class>
      </classes>
    </package>
  </packages>
</coverage>
